<?xml version="1.0" encoding="utf-8"?><testsuites name="pytest tests"><testsuite name="pytest" errors="0" failures="1" skipped="0" tests="11" time="4.435" timestamp="2026-08-24T18:36:13.142360+00:00" hostname="agent-env-b16c02e7-7146-465c-b09c-1a98df7d0ece"><testcase classname="tests.test_lounge_ws" name="test_api_root" time="0.322" /><testcase classname="tests.test_lounge_ws" name="test_welcome_message" time="0.259" /><testcase classname="tests.test_lounge_ws" name="test_join_returns_roster" time="0.263" /><testcase classname="tests.test_lounge_ws" name="test_chat_broadcast_includes_sender" time="0.348" /><testcase classname="tests.test_lounge_ws" name="test_empty_chat_ignored" time="0.443" /><testcase classname="tests.test_lounge_ws" name="test_valid_actions_broadcast[drink]" time="0.350" /><testcase classname="tests.test_lounge_ws" name="test_valid_actions_broadcast[cheers]" time="0.287" /><testcase classname="tests.test_lounge_ws" name="test_valid_actions_broadcast[steam]" time="0.321" /><testcase classname="tests.test_lounge_ws" name="test_valid_actions_broadcast[wave]" time="0.393" /><testcase classname="tests.test_lounge_ws" name="test_invalid_action_ignored" time="0.308" /><testcase classname="tests.test_lounge_ws" name="test_two_clients_chat_and_disconnect_roster" time="0.514"><failure message="AssertionError: assert ('TEST_A' in ['TEST_A'] and 'TEST_B' in ['TEST_A'])">backend/tests/test_lounge_ws.py:122: in test_two_clients_chat_and_disconnect_roster
    assert "TEST_A" in names_b and "TEST_B" in names_b
E   AssertionError: assert ('TEST_A' in ['TEST_A'] and 'TEST_B' in ['TEST_A'])</failure></testcase></testsuite></testsuites>