<?xml version="1.0" encoding="utf-8"?><testsuites name="pytest tests"><testsuite name="pytest" errors="0" failures="0" skipped="0" tests="14" time="10.869" timestamp="2026-08-24T18:48:34.203319+00:00" hostname="agent-env-b16c02e7-7146-465c-b09c-1a98df7d0ece"><testcase classname="tests.test_lounge_ws" name="test_api_root" time="0.207" /><testcase classname="tests.test_lounge_ws" name="test_welcome_message" time="0.195" /><testcase classname="tests.test_lounge_ws" name="test_join_returns_roster" time="0.439" /><testcase classname="tests.test_lounge_ws" name="test_chat_broadcast_includes_sender" time="0.373" /><testcase classname="tests.test_lounge_ws" name="test_empty_chat_ignored" time="0.364" /><testcase classname="tests.test_lounge_ws" name="test_valid_actions_broadcast[drink]" time="0.306" /><testcase classname="tests.test_lounge_ws" name="test_valid_actions_broadcast[cheers]" time="0.286" /><testcase classname="tests.test_lounge_ws" name="test_valid_actions_broadcast[steam]" time="0.318" /><testcase classname="tests.test_lounge_ws" name="test_valid_actions_broadcast[wave]" time="0.379" /><testcase classname="tests.test_lounge_ws" name="test_invalid_action_ignored" time="0.612" /><testcase classname="tests.test_lounge_ws" name="test_two_clients_chat_and_disconnect_roster" time="0.870" /><testcase classname="tests.test_lounge_ws" name="test_rooms_are_isolated" time="2.970" /><testcase classname="tests.test_lounge_ws" name="test_same_room_sees_each_other" time="0.873" /><testcase classname="tests.test_lounge_ws" name="test_typing_broadcast_excludes_sender" time="2.148" /></testsuite></testsuites>